[0.467s] Invoking command in '/mnt/f1tenth_ws/src/automatic_emergency_braking': PYTHONPATH=/mnt/f1tenth_ws/build/automatic_emergency_braking/prefix_override:/mnt/f1tenth_ws/install/automatic_emergency_braking/lib/python3.8/site-packages:${PYTHONPATH} /usr/bin/python3 setup.py egg_info --egg-base ../../build/automatic_emergency_braking build --build-base /mnt/f1tenth_ws/build/automatic_emergency_braking/build install --record /mnt/f1tenth_ws/build/automatic_emergency_braking/install.log --install-scripts $base/lib/automatic_emergency_braking --single-version-externally-managed
[0.557s] running egg_info
[0.558s] writing ../../build/automatic_emergency_braking/automatic_emergency_braking.egg-info/PKG-INFO
[0.559s] writing dependency_links to ../../build/automatic_emergency_braking/automatic_emergency_braking.egg-info/dependency_links.txt
[0.560s] writing entry points to ../../build/automatic_emergency_braking/automatic_emergency_braking.egg-info/entry_points.txt
[0.561s] writing requirements to ../../build/automatic_emergency_braking/automatic_emergency_braking.egg-info/requires.txt
[0.562s] writing top-level names to ../../build/automatic_emergency_braking/automatic_emergency_braking.egg-info/top_level.txt
[0.592s] reading manifest file '../../build/automatic_emergency_braking/automatic_emergency_braking.egg-info/SOURCES.txt'
[0.593s] writing manifest file '../../build/automatic_emergency_braking/automatic_emergency_braking.egg-info/SOURCES.txt'
[0.593s] running build
[0.594s] running build_py
[0.594s] running install
[0.596s] running install_lib
[0.597s] running install_data
[0.600s] running install_egg_info
[0.601s] removing '/mnt/f1tenth_ws/install/automatic_emergency_braking/lib/python3.8/site-packages/automatic_emergency_braking-0.0.0-py3.8.egg-info' (and everything under it)
[0.602s] Copying ../../build/automatic_emergency_braking/automatic_emergency_braking.egg-info to /mnt/f1tenth_ws/install/automatic_emergency_braking/lib/python3.8/site-packages/automatic_emergency_braking-0.0.0-py3.8.egg-info
[0.614s] running install_scripts
[0.626s] writing list of installed files to '/mnt/f1tenth_ws/build/automatic_emergency_braking/install.log'
[0.663s] Invoked command in '/mnt/f1tenth_ws/src/automatic_emergency_braking' returned '0': PYTHONPATH=/mnt/f1tenth_ws/build/automatic_emergency_braking/prefix_override:/mnt/f1tenth_ws/install/automatic_emergency_braking/lib/python3.8/site-packages:${PYTHONPATH} /usr/bin/python3 setup.py egg_info --egg-base ../../build/automatic_emergency_braking build --build-base /mnt/f1tenth_ws/build/automatic_emergency_braking/build install --record /mnt/f1tenth_ws/build/automatic_emergency_braking/install.log --install-scripts $base/lib/automatic_emergency_braking --single-version-externally-managed
