[0.515s] Invoking command in '/mnt/f1tenth_ws/src/automatic_emergency_braking': PYTHONPATH=/mnt/f1tenth_ws/build/automatic_emergency_braking/prefix_override:/mnt/f1tenth_ws/install/automatic_emergency_braking/lib/python3.8/site-packages:${PYTHONPATH} /usr/bin/python3 setup.py egg_info --egg-base ../../build/automatic_emergency_braking build --build-base /mnt/f1tenth_ws/build/automatic_emergency_braking/build install --record /mnt/f1tenth_ws/build/automatic_emergency_braking/install.log --install-scripts $base/lib/automatic_emergency_braking --single-version-externally-managed
[0.601s] running egg_info
[0.602s] creating ../../build/automatic_emergency_braking/automatic_emergency_braking.egg-info
[0.603s] writing ../../build/automatic_emergency_braking/automatic_emergency_braking.egg-info/PKG-INFO
[0.603s] writing dependency_links to ../../build/automatic_emergency_braking/automatic_emergency_braking.egg-info/dependency_links.txt
[0.605s] writing entry points to ../../build/automatic_emergency_braking/automatic_emergency_braking.egg-info/entry_points.txt
[0.606s] writing requirements to ../../build/automatic_emergency_braking/automatic_emergency_braking.egg-info/requires.txt
[0.609s] writing top-level names to ../../build/automatic_emergency_braking/automatic_emergency_braking.egg-info/top_level.txt
[0.612s] writing manifest file '../../build/automatic_emergency_braking/automatic_emergency_braking.egg-info/SOURCES.txt'
[0.631s] reading manifest file '../../build/automatic_emergency_braking/automatic_emergency_braking.egg-info/SOURCES.txt'
[0.633s] writing manifest file '../../build/automatic_emergency_braking/automatic_emergency_braking.egg-info/SOURCES.txt'
[0.634s] running build
[0.634s] running build_py
[0.636s] creating /mnt/f1tenth_ws/build/automatic_emergency_braking/build
[0.637s] creating /mnt/f1tenth_ws/build/automatic_emergency_braking/build/lib
[0.638s] creating /mnt/f1tenth_ws/build/automatic_emergency_braking/build/lib/automatic_emergency_braking
[0.639s] copying automatic_emergency_braking/__init__.py -> /mnt/f1tenth_ws/build/automatic_emergency_braking/build/lib/automatic_emergency_braking
[0.642s] running install
[0.642s] running install_lib
[0.644s] creating /mnt/f1tenth_ws/install/automatic_emergency_braking/lib/python3.8/site-packages/automatic_emergency_braking
[0.645s] copying /mnt/f1tenth_ws/build/automatic_emergency_braking/build/lib/automatic_emergency_braking/__init__.py -> /mnt/f1tenth_ws/install/automatic_emergency_braking/lib/python3.8/site-packages/automatic_emergency_braking
[0.646s] byte-compiling /mnt/f1tenth_ws/install/automatic_emergency_braking/lib/python3.8/site-packages/automatic_emergency_braking/__init__.py to __init__.cpython-38.pyc
[0.648s] running install_data
[0.649s] creating /mnt/f1tenth_ws/install/automatic_emergency_braking/share/ament_index
[0.651s] creating /mnt/f1tenth_ws/install/automatic_emergency_braking/share/ament_index/resource_index
[0.653s] creating /mnt/f1tenth_ws/install/automatic_emergency_braking/share/ament_index/resource_index/packages
[0.655s] copying resource/automatic_emergency_braking -> /mnt/f1tenth_ws/install/automatic_emergency_braking/share/ament_index/resource_index/packages
[0.659s] copying package.xml -> /mnt/f1tenth_ws/install/automatic_emergency_braking/share/automatic_emergency_braking
[0.662s] running install_egg_info
[0.665s] Copying ../../build/automatic_emergency_braking/automatic_emergency_braking.egg-info to /mnt/f1tenth_ws/install/automatic_emergency_braking/lib/python3.8/site-packages/automatic_emergency_braking-0.0.0-py3.8.egg-info
[0.671s] running install_scripts
[0.674s] writing list of installed files to '/mnt/f1tenth_ws/build/automatic_emergency_braking/install.log'
[0.692s] Invoked command in '/mnt/f1tenth_ws/src/automatic_emergency_braking' returned '0': PYTHONPATH=/mnt/f1tenth_ws/build/automatic_emergency_braking/prefix_override:/mnt/f1tenth_ws/install/automatic_emergency_braking/lib/python3.8/site-packages:${PYTHONPATH} /usr/bin/python3 setup.py egg_info --egg-base ../../build/automatic_emergency_braking build --build-base /mnt/f1tenth_ws/build/automatic_emergency_braking/build install --record /mnt/f1tenth_ws/build/automatic_emergency_braking/install.log --install-scripts $base/lib/automatic_emergency_braking --single-version-externally-managed
