running egg_info
creating ../../build/gap_follower/gap_follower.egg-info
writing ../../build/gap_follower/gap_follower.egg-info/PKG-INFO
writing dependency_links to ../../build/gap_follower/gap_follower.egg-info/dependency_links.txt
writing entry points to ../../build/gap_follower/gap_follower.egg-info/entry_points.txt
writing requirements to ../../build/gap_follower/gap_follower.egg-info/requires.txt
writing top-level names to ../../build/gap_follower/gap_follower.egg-info/top_level.txt
writing manifest file '../../build/gap_follower/gap_follower.egg-info/SOURCES.txt'
reading manifest file '../../build/gap_follower/gap_follower.egg-info/SOURCES.txt'
writing manifest file '../../build/gap_follower/gap_follower.egg-info/SOURCES.txt'
running build
running build_py
creating /mnt/f1tenth_ws/build/gap_follower/build
creating /mnt/f1tenth_ws/build/gap_follower/build/lib
creating /mnt/f1tenth_ws/build/gap_follower/build/lib/gap_follower
copying gap_follower/__init__.py -> /mnt/f1tenth_ws/build/gap_follower/build/lib/gap_follower
running install
running install_lib
creating /mnt/f1tenth_ws/install/gap_follower/lib/python3.8/site-packages/gap_follower
copying /mnt/f1tenth_ws/build/gap_follower/build/lib/gap_follower/__init__.py -> /mnt/f1tenth_ws/install/gap_follower/lib/python3.8/site-packages/gap_follower
byte-compiling /mnt/f1tenth_ws/install/gap_follower/lib/python3.8/site-packages/gap_follower/__init__.py to __init__.cpython-38.pyc
running install_data
creating /mnt/f1tenth_ws/install/gap_follower/share/ament_index
creating /mnt/f1tenth_ws/install/gap_follower/share/ament_index/resource_index
creating /mnt/f1tenth_ws/install/gap_follower/share/ament_index/resource_index/packages
copying resource/gap_follower -> /mnt/f1tenth_ws/install/gap_follower/share/ament_index/resource_index/packages
copying package.xml -> /mnt/f1tenth_ws/install/gap_follower/share/gap_follower
running install_egg_info
Copying ../../build/gap_follower/gap_follower.egg-info to /mnt/f1tenth_ws/install/gap_follower/lib/python3.8/site-packages/gap_follower-0.0.0-py3.8.egg-info
running install_scripts
writing list of installed files to '/mnt/f1tenth_ws/build/gap_follower/install.log'
