[0.139s] DEBUG:colcon:Command line arguments: ['/usr/bin/colcon', 'build']
[0.139s] DEBUG:colcon:Parsed command line arguments: Namespace(ament_cmake_args=None, base_paths=['.'], build_base='build', catkin_cmake_args=None, catkin_skip_building_tests=False, cmake_args=None, cmake_clean_cache=False, cmake_clean_first=False, cmake_force_configure=False, cmake_target=None, cmake_target_skip_unavailable=False, continue_on_error=False, event_handlers=None, executor='parallel', ignore_user_meta=False, install_base='install', log_base=None, log_level=None, main=<bound method BuildVerb.main of <colcon_core.verb.build.BuildVerb object at 0xffff89500a60>>, merge_install=False, metas=['./colcon.meta'], mixin=None, mixin_files=None, mixin_verb=('build',), packages_above=None, packages_above_and_dependencies=None, packages_above_depth=None, packages_end=None, packages_ignore=None, packages_ignore_regex=None, packages_select=None, packages_select_build_failed=False, packages_select_by_dep=None, packages_select_regex=None, packages_select_test_failures=False, packages_skip=None, packages_skip_build_finished=False, packages_skip_by_dep=None, packages_skip_regex=None, packages_skip_test_passed=False, packages_skip_up_to=None, packages_start=None, packages_up_to=None, packages_up_to_regex=None, parallel_workers=4, paths=None, symlink_install=False, test_result_base=None, verb_extension=<colcon_core.verb.build.BuildVerb object at 0xffff89500a60>, verb_name='build', verb_parser=<colcon_mixin.mixin.mixin_argument.MixinArgumentDecorator object at 0xffff8950b070>)
[0.155s] Level 1:colcon.colcon_core.package_discovery:discover_packages(colcon_meta) check parameters
[0.155s] INFO:colcon.colcon_metadata.package_discovery.colcon_meta:Using configuration from '/root/.colcon/metadata/default/Gazebo.meta'
[0.156s] INFO:colcon.colcon_metadata.package_discovery.colcon_meta:Using configuration from '/root/.colcon/metadata/default/fastrtps.meta'
[0.156s] Level 1:colcon.colcon_core.package_discovery:discover_packages(recursive) check parameters
[0.156s] Level 1:colcon.colcon_core.package_discovery:discover_packages(ignore) check parameters
[0.156s] Level 1:colcon.colcon_core.package_discovery:discover_packages(path) check parameters
[0.156s] Level 1:colcon.colcon_core.package_discovery:discover_packages(colcon_meta) discover
[0.156s] Level 1:colcon.colcon_core.package_discovery:discover_packages(recursive) discover
[0.156s] INFO:colcon.colcon_core.package_discovery:Crawling recursively for packages in '/mnt/f1tenth_ws'
[0.157s] Level 1:colcon.colcon_core.package_identification:_identify(.) by extensions ['ignore', 'ignore_ament_install']
[0.157s] Level 1:colcon.colcon_core.package_identification:_identify(.) by extension 'ignore'
[0.157s] Level 1:colcon.colcon_core.package_identification:_identify(.) by extension 'ignore_ament_install'
[0.157s] Level 1:colcon.colcon_core.package_identification:_identify(.) by extensions ['colcon_pkg']
[0.157s] Level 1:colcon.colcon_core.package_identification:_identify(.) by extension 'colcon_pkg'
[0.157s] Level 1:colcon.colcon_core.package_identification:_identify(.) by extensions ['colcon_meta']
[0.157s] Level 1:colcon.colcon_core.package_identification:_identify(.) by extension 'colcon_meta'
[0.157s] Level 1:colcon.colcon_core.package_identification:_identify(.) by extensions ['ros']
[0.157s] Level 1:colcon.colcon_core.package_identification:_identify(.) by extension 'ros'
[0.164s] Level 1:colcon.colcon_core.package_identification:_identify(.) by extensions ['cmake', 'python']
[0.164s] Level 1:colcon.colcon_core.package_identification:_identify(.) by extension 'cmake'
[0.164s] Level 1:colcon.colcon_core.package_identification:_identify(.) by extension 'python'
[0.164s] Level 1:colcon.colcon_core.package_identification:_identify(.) by extensions ['python_setup_py']
[0.164s] Level 1:colcon.colcon_core.package_identification:_identify(.) by extension 'python_setup_py'
[0.165s] Level 1:colcon.colcon_core.package_identification:_identify(build) by extensions ['ignore', 'ignore_ament_install']
[0.165s] Level 1:colcon.colcon_core.package_identification:_identify(build) by extension 'ignore'
[0.165s] Level 1:colcon.colcon_core.package_identification:_identify(build) ignored
[0.165s] Level 1:colcon.colcon_core.package_identification:_identify(install) by extensions ['ignore', 'ignore_ament_install']
[0.166s] Level 1:colcon.colcon_core.package_identification:_identify(install) by extension 'ignore'
[0.166s] Level 1:colcon.colcon_core.package_identification:_identify(install) ignored
[0.166s] Level 1:colcon.colcon_core.package_identification:_identify(log) by extensions ['ignore', 'ignore_ament_install']
[0.166s] Level 1:colcon.colcon_core.package_identification:_identify(log) by extension 'ignore'
[0.166s] Level 1:colcon.colcon_core.package_identification:_identify(log) ignored
[0.166s] Level 1:colcon.colcon_core.package_identification:_identify(src) by extensions ['ignore', 'ignore_ament_install']
[0.167s] Level 1:colcon.colcon_core.package_identification:_identify(src) by extension 'ignore'
[0.167s] Level 1:colcon.colcon_core.package_identification:_identify(src) by extension 'ignore_ament_install'
[0.167s] Level 1:colcon.colcon_core.package_identification:_identify(src) by extensions ['colcon_pkg']
[0.167s] Level 1:colcon.colcon_core.package_identification:_identify(src) by extension 'colcon_pkg'
[0.167s] Level 1:colcon.colcon_core.package_identification:_identify(src) by extensions ['colcon_meta']
[0.167s] Level 1:colcon.colcon_core.package_identification:_identify(src) by extension 'colcon_meta'
[0.167s] Level 1:colcon.colcon_core.package_identification:_identify(src) by extensions ['ros']
[0.167s] Level 1:colcon.colcon_core.package_identification:_identify(src) by extension 'ros'
[0.167s] Level 1:colcon.colcon_core.package_identification:_identify(src) by extensions ['cmake', 'python']
[0.168s] Level 1:colcon.colcon_core.package_identification:_identify(src) by extension 'cmake'
[0.168s] Level 1:colcon.colcon_core.package_identification:_identify(src) by extension 'python'
[0.168s] Level 1:colcon.colcon_core.package_identification:_identify(src) by extensions ['python_setup_py']
[0.168s] Level 1:colcon.colcon_core.package_identification:_identify(src) by extension 'python_setup_py'
[0.168s] Level 1:colcon.colcon_core.package_identification:_identify(src/automatic_emergency_braking) by extensions ['ignore', 'ignore_ament_install']
[0.168s] Level 1:colcon.colcon_core.package_identification:_identify(src/automatic_emergency_braking) by extension 'ignore'
[0.168s] Level 1:colcon.colcon_core.package_identification:_identify(src/automatic_emergency_braking) by extension 'ignore_ament_install'
[0.169s] Level 1:colcon.colcon_core.package_identification:_identify(src/automatic_emergency_braking) by extensions ['colcon_pkg']
[0.169s] Level 1:colcon.colcon_core.package_identification:_identify(src/automatic_emergency_braking) by extension 'colcon_pkg'
[0.169s] Level 1:colcon.colcon_core.package_identification:_identify(src/automatic_emergency_braking) by extensions ['colcon_meta']
[0.169s] Level 1:colcon.colcon_core.package_identification:_identify(src/automatic_emergency_braking) by extension 'colcon_meta'
[0.169s] Level 1:colcon.colcon_core.package_identification:_identify(src/automatic_emergency_braking) by extensions ['ros']
[0.169s] Level 1:colcon.colcon_core.package_identification:_identify(src/automatic_emergency_braking) by extension 'ros'
[0.175s] DEBUG:colcon.colcon_core.package_identification:Package 'src/automatic_emergency_braking' with type 'ros.ament_python' and name 'automatic_emergency_braking'
[0.175s] Level 1:colcon.colcon_core.package_identification:_identify(src/gap_finding) by extensions ['ignore', 'ignore_ament_install']
[0.175s] Level 1:colcon.colcon_core.package_identification:_identify(src/gap_finding) by extension 'ignore'
[0.175s] Level 1:colcon.colcon_core.package_identification:_identify(src/gap_finding) by extension 'ignore_ament_install'
[0.175s] Level 1:colcon.colcon_core.package_identification:_identify(src/gap_finding) by extensions ['colcon_pkg']
[0.176s] Level 1:colcon.colcon_core.package_identification:_identify(src/gap_finding) by extension 'colcon_pkg'
[0.176s] Level 1:colcon.colcon_core.package_identification:_identify(src/gap_finding) by extensions ['colcon_meta']
[0.176s] Level 1:colcon.colcon_core.package_identification:_identify(src/gap_finding) by extension 'colcon_meta'
[0.176s] Level 1:colcon.colcon_core.package_identification:_identify(src/gap_finding) by extensions ['ros']
[0.176s] Level 1:colcon.colcon_core.package_identification:_identify(src/gap_finding) by extension 'ros'
[0.176s] DEBUG:colcon.colcon_core.package_identification:Package 'src/gap_finding' with type 'ros.ament_python' and name 'gap_finding'
[0.177s] Level 1:colcon.colcon_core.package_identification:_identify(src/wall_follower) by extensions ['ignore', 'ignore_ament_install']
[0.177s] Level 1:colcon.colcon_core.package_identification:_identify(src/wall_follower) by extension 'ignore'
[0.177s] Level 1:colcon.colcon_core.package_identification:_identify(src/wall_follower) by extension 'ignore_ament_install'
[0.177s] Level 1:colcon.colcon_core.package_identification:_identify(src/wall_follower) by extensions ['colcon_pkg']
[0.177s] Level 1:colcon.colcon_core.package_identification:_identify(src/wall_follower) by extension 'colcon_pkg'
[0.177s] Level 1:colcon.colcon_core.package_identification:_identify(src/wall_follower) by extensions ['colcon_meta']
[0.177s] Level 1:colcon.colcon_core.package_identification:_identify(src/wall_follower) by extension 'colcon_meta'
[0.177s] Level 1:colcon.colcon_core.package_identification:_identify(src/wall_follower) by extensions ['ros']
[0.177s] Level 1:colcon.colcon_core.package_identification:_identify(src/wall_follower) by extension 'ros'
[0.178s] DEBUG:colcon.colcon_core.package_identification:Package 'src/wall_follower' with type 'ros.ament_python' and name 'wall_follower'
[0.178s] Level 1:colcon.colcon_core.package_discovery:discover_packages(recursive) using defaults
[0.178s] Level 1:colcon.colcon_core.package_discovery:discover_packages(ignore) discover
[0.178s] Level 1:colcon.colcon_core.package_discovery:discover_packages(ignore) using defaults
[0.178s] Level 1:colcon.colcon_core.package_discovery:discover_packages(path) discover
[0.178s] Level 1:colcon.colcon_core.package_discovery:discover_packages(path) using defaults
[0.189s] Level 5:colcon.colcon_core.verb:set package 'automatic_emergency_braking' build argument 'cmake_args' from command line to 'None'
[0.189s] Level 5:colcon.colcon_core.verb:set package 'automatic_emergency_braking' build argument 'cmake_target' from command line to 'None'
[0.189s] Level 5:colcon.colcon_core.verb:set package 'automatic_emergency_braking' build argument 'cmake_target_skip_unavailable' from command line to 'False'
[0.189s] Level 5:colcon.colcon_core.verb:set package 'automatic_emergency_braking' build argument 'cmake_clean_cache' from command line to 'False'
[0.189s] Level 5:colcon.colcon_core.verb:set package 'automatic_emergency_braking' build argument 'cmake_clean_first' from command line to 'False'
[0.190s] Level 5:colcon.colcon_core.verb:set package 'automatic_emergency_braking' build argument 'cmake_force_configure' from command line to 'False'
[0.190s] Level 5:colcon.colcon_core.verb:set package 'automatic_emergency_braking' build argument 'ament_cmake_args' from command line to 'None'
[0.190s] Level 5:colcon.colcon_core.verb:set package 'automatic_emergency_braking' build argument 'catkin_cmake_args' from command line to 'None'
[0.190s] Level 5:colcon.colcon_core.verb:set package 'automatic_emergency_braking' build argument 'catkin_skip_building_tests' from command line to 'False'
[0.190s] DEBUG:colcon.colcon_core.verb:Building package 'automatic_emergency_braking' with the following arguments: {'ament_cmake_args': None, 'build_base': '/mnt/f1tenth_ws/build/automatic_emergency_braking', 'catkin_cmake_args': None, 'catkin_skip_building_tests': False, 'cmake_args': None, 'cmake_clean_cache': False, 'cmake_clean_first': False, 'cmake_force_configure': False, 'cmake_target': None, 'cmake_target_skip_unavailable': False, 'install_base': '/mnt/f1tenth_ws/install/automatic_emergency_braking', 'merge_install': False, 'path': '/mnt/f1tenth_ws/src/automatic_emergency_braking', 'symlink_install': False, 'test_result_base': None}
[0.190s] Level 5:colcon.colcon_core.verb:set package 'gap_finding' build argument 'cmake_args' from command line to 'None'
[0.190s] Level 5:colcon.colcon_core.verb:set package 'gap_finding' build argument 'cmake_target' from command line to 'None'
[0.191s] Level 5:colcon.colcon_core.verb:set package 'gap_finding' build argument 'cmake_target_skip_unavailable' from command line to 'False'
[0.191s] Level 5:colcon.colcon_core.verb:set package 'gap_finding' build argument 'cmake_clean_cache' from command line to 'False'
[0.191s] Level 5:colcon.colcon_core.verb:set package 'gap_finding' build argument 'cmake_clean_first' from command line to 'False'
[0.191s] Level 5:colcon.colcon_core.verb:set package 'gap_finding' build argument 'cmake_force_configure' from command line to 'False'
[0.191s] Level 5:colcon.colcon_core.verb:set package 'gap_finding' build argument 'ament_cmake_args' from command line to 'None'
[0.191s] Level 5:colcon.colcon_core.verb:set package 'gap_finding' build argument 'catkin_cmake_args' from command line to 'None'
[0.191s] Level 5:colcon.colcon_core.verb:set package 'gap_finding' build argument 'catkin_skip_building_tests' from command line to 'False'
[0.191s] DEBUG:colcon.colcon_core.verb:Building package 'gap_finding' with the following arguments: {'ament_cmake_args': None, 'build_base': '/mnt/f1tenth_ws/build/gap_finding', 'catkin_cmake_args': None, 'catkin_skip_building_tests': False, 'cmake_args': None, 'cmake_clean_cache': False, 'cmake_clean_first': False, 'cmake_force_configure': False, 'cmake_target': None, 'cmake_target_skip_unavailable': False, 'install_base': '/mnt/f1tenth_ws/install/gap_finding', 'merge_install': False, 'path': '/mnt/f1tenth_ws/src/gap_finding', 'symlink_install': False, 'test_result_base': None}
[0.191s] Level 5:colcon.colcon_core.verb:set package 'wall_follower' build argument 'cmake_args' from command line to 'None'
[0.192s] Level 5:colcon.colcon_core.verb:set package 'wall_follower' build argument 'cmake_target' from command line to 'None'
[0.192s] Level 5:colcon.colcon_core.verb:set package 'wall_follower' build argument 'cmake_target_skip_unavailable' from command line to 'False'
[0.192s] Level 5:colcon.colcon_core.verb:set package 'wall_follower' build argument 'cmake_clean_cache' from command line to 'False'
[0.192s] Level 5:colcon.colcon_core.verb:set package 'wall_follower' build argument 'cmake_clean_first' from command line to 'False'
[0.192s] Level 5:colcon.colcon_core.verb:set package 'wall_follower' build argument 'cmake_force_configure' from command line to 'False'
[0.192s] Level 5:colcon.colcon_core.verb:set package 'wall_follower' build argument 'ament_cmake_args' from command line to 'None'
[0.192s] Level 5:colcon.colcon_core.verb:set package 'wall_follower' build argument 'catkin_cmake_args' from command line to 'None'
[0.192s] Level 5:colcon.colcon_core.verb:set package 'wall_follower' build argument 'catkin_skip_building_tests' from command line to 'False'
[0.192s] DEBUG:colcon.colcon_core.verb:Building package 'wall_follower' with the following arguments: {'ament_cmake_args': None, 'build_base': '/mnt/f1tenth_ws/build/wall_follower', 'catkin_cmake_args': None, 'catkin_skip_building_tests': False, 'cmake_args': None, 'cmake_clean_cache': False, 'cmake_clean_first': False, 'cmake_force_configure': False, 'cmake_target': None, 'cmake_target_skip_unavailable': False, 'install_base': '/mnt/f1tenth_ws/install/wall_follower', 'merge_install': False, 'path': '/mnt/f1tenth_ws/src/wall_follower', 'symlink_install': False, 'test_result_base': None}
[0.192s] INFO:colcon.colcon_core.executor:Executing jobs using 'parallel' executor
[0.194s] DEBUG:colcon.colcon_parallel_executor.executor.parallel:run_until_complete
[0.194s] INFO:colcon.colcon_ros.task.ament_python.build:Building ROS package in '/mnt/f1tenth_ws/src/automatic_emergency_braking' with build type 'ament_python'
[0.194s] Level 1:colcon.colcon_core.shell:create_environment_hook('automatic_emergency_braking', 'ament_prefix_path')
[0.197s] INFO:colcon.colcon_core.plugin_system:Skipping extension 'colcon_core.shell.bat': Not used on non-Windows systems
[0.197s] INFO:colcon.colcon_core.shell:Creating environment hook '/mnt/f1tenth_ws/install/automatic_emergency_braking/share/automatic_emergency_braking/hook/ament_prefix_path.ps1'
[0.198s] INFO:colcon.colcon_core.shell:Creating environment descriptor '/mnt/f1tenth_ws/install/automatic_emergency_braking/share/automatic_emergency_braking/hook/ament_prefix_path.dsv'
[0.199s] INFO:colcon.colcon_core.shell:Creating environment hook '/mnt/f1tenth_ws/install/automatic_emergency_braking/share/automatic_emergency_braking/hook/ament_prefix_path.sh'
[0.200s] INFO:colcon.colcon_core.shell:Skip shell extension 'powershell' for command environment: Not usable outside of PowerShell
[0.200s] DEBUG:colcon.colcon_core.shell:Skip shell extension 'dsv' for command environment
[0.204s] INFO:colcon.colcon_ros.task.ament_python.build:Building ROS package in '/mnt/f1tenth_ws/src/gap_finding' with build type 'ament_python'
[0.204s] Level 1:colcon.colcon_core.shell:create_environment_hook('gap_finding', 'ament_prefix_path')
[0.205s] INFO:colcon.colcon_core.shell:Creating environment hook '/mnt/f1tenth_ws/install/gap_finding/share/gap_finding/hook/ament_prefix_path.ps1'
[0.207s] INFO:colcon.colcon_core.shell:Creating environment descriptor '/mnt/f1tenth_ws/install/gap_finding/share/gap_finding/hook/ament_prefix_path.dsv'
[0.208s] INFO:colcon.colcon_core.shell:Creating environment hook '/mnt/f1tenth_ws/install/gap_finding/share/gap_finding/hook/ament_prefix_path.sh'
[0.209s] INFO:colcon.colcon_core.shell:Skip shell extension 'powershell' for command environment: Not usable outside of PowerShell
[0.209s] DEBUG:colcon.colcon_core.shell:Skip shell extension 'dsv' for command environment
[0.212s] INFO:colcon.colcon_ros.task.ament_python.build:Building ROS package in '/mnt/f1tenth_ws/src/wall_follower' with build type 'ament_python'
[0.212s] Level 1:colcon.colcon_core.shell:create_environment_hook('wall_follower', 'ament_prefix_path')
[0.213s] INFO:colcon.colcon_core.shell:Creating environment hook '/mnt/f1tenth_ws/install/wall_follower/share/wall_follower/hook/ament_prefix_path.ps1'
[0.214s] INFO:colcon.colcon_core.shell:Creating environment descriptor '/mnt/f1tenth_ws/install/wall_follower/share/wall_follower/hook/ament_prefix_path.dsv'
[0.215s] INFO:colcon.colcon_core.shell:Creating environment hook '/mnt/f1tenth_ws/install/wall_follower/share/wall_follower/hook/ament_prefix_path.sh'
[0.216s] INFO:colcon.colcon_core.shell:Skip shell extension 'powershell' for command environment: Not usable outside of PowerShell
[0.217s] DEBUG:colcon.colcon_core.shell:Skip shell extension 'dsv' for command environment
[0.305s] INFO:colcon.colcon_core.task.python.build:Building Python package in '/mnt/f1tenth_ws/src/automatic_emergency_braking'
[0.306s] INFO:colcon.colcon_core.shell:Skip shell extension 'powershell' for command environment: Not usable outside of PowerShell
[0.306s] DEBUG:colcon.colcon_core.shell:Skip shell extension 'dsv' for command environment
[0.391s] INFO:colcon.colcon_core.task.python.build:Building Python package in '/mnt/f1tenth_ws/src/gap_finding'
[0.392s] INFO:colcon.colcon_core.shell:Skip shell extension 'powershell' for command environment: Not usable outside of PowerShell
[0.392s] DEBUG:colcon.colcon_core.shell:Skip shell extension 'dsv' for command environment
[0.478s] INFO:colcon.colcon_core.task.python.build:Building Python package in '/mnt/f1tenth_ws/src/wall_follower'
[0.480s] INFO:colcon.colcon_core.shell:Skip shell extension 'powershell' for command environment: Not usable outside of PowerShell
[0.480s] DEBUG:colcon.colcon_core.shell:Skip shell extension 'dsv' for command environment
[0.674s] DEBUG:colcon.colcon_core.event_handler.log_command:Invoking command in '/mnt/f1tenth_ws/src/automatic_emergency_braking': PYTHONPATH=/mnt/f1tenth_ws/build/automatic_emergency_braking/prefix_override:/mnt/f1tenth_ws/install/automatic_emergency_braking/lib/python3.8/site-packages:${PYTHONPATH} /usr/bin/python3 setup.py egg_info --egg-base ../../build/automatic_emergency_braking build --build-base /mnt/f1tenth_ws/build/automatic_emergency_braking/build install --record /mnt/f1tenth_ws/build/automatic_emergency_braking/install.log --install-scripts $base/lib/automatic_emergency_braking --single-version-externally-managed
[0.680s] DEBUG:colcon.colcon_core.event_handler.log_command:Invoking command in '/mnt/f1tenth_ws/src/gap_finding': PYTHONPATH=/mnt/f1tenth_ws/build/gap_finding/prefix_override:/mnt/f1tenth_ws/install/gap_finding/lib/python3.8/site-packages:${PYTHONPATH} /usr/bin/python3 setup.py egg_info --egg-base ../../build/gap_finding build --build-base /mnt/f1tenth_ws/build/gap_finding/build install --record /mnt/f1tenth_ws/build/gap_finding/install.log --install-scripts $base/lib/gap_finding --single-version-externally-managed
[0.682s] DEBUG:colcon.colcon_core.event_handler.log_command:Invoking command in '/mnt/f1tenth_ws/src/wall_follower': PYTHONPATH=/mnt/f1tenth_ws/build/wall_follower/prefix_override:/mnt/f1tenth_ws/install/wall_follower/lib/python3.8/site-packages:${PYTHONPATH} /usr/bin/python3 setup.py egg_info --egg-base ../../build/wall_follower build --build-base /mnt/f1tenth_ws/build/wall_follower/build install --record /mnt/f1tenth_ws/build/wall_follower/install.log --install-scripts $base/lib/wall_follower --single-version-externally-managed
[0.844s] DEBUG:colcon.colcon_core.event_handler.log_command:Invoked command in '/mnt/f1tenth_ws/src/wall_follower' returned '0': PYTHONPATH=/mnt/f1tenth_ws/build/wall_follower/prefix_override:/mnt/f1tenth_ws/install/wall_follower/lib/python3.8/site-packages:${PYTHONPATH} /usr/bin/python3 setup.py egg_info --egg-base ../../build/wall_follower build --build-base /mnt/f1tenth_ws/build/wall_follower/build install --record /mnt/f1tenth_ws/build/wall_follower/install.log --install-scripts $base/lib/wall_follower --single-version-externally-managed
[0.847s] Level 1:colcon.colcon_core.environment:checking '/mnt/f1tenth_ws/install/wall_follower' for CMake module files
[0.850s] Level 1:colcon.colcon_core.environment:checking '/mnt/f1tenth_ws/install/wall_follower' for CMake config files
[0.854s] Level 1:colcon.colcon_core.environment:checking '/mnt/f1tenth_ws/install/wall_follower/lib'
[0.854s] Level 1:colcon.colcon_core.environment:checking '/mnt/f1tenth_ws/install/wall_follower/bin'
[0.854s] Level 1:colcon.colcon_core.environment:checking '/mnt/f1tenth_ws/install/wall_follower/lib/pkgconfig/wall_follower.pc'
[0.855s] Level 1:colcon.colcon_core.environment:checking '/mnt/f1tenth_ws/install/wall_follower/lib/python3.8/site-packages'
[0.855s] Level 1:colcon.colcon_core.shell:create_environment_hook('wall_follower', 'pythonpath')
[0.856s] INFO:colcon.colcon_core.shell:Creating environment hook '/mnt/f1tenth_ws/install/wall_follower/share/wall_follower/hook/pythonpath.ps1'
[0.858s] INFO:colcon.colcon_core.shell:Creating environment descriptor '/mnt/f1tenth_ws/install/wall_follower/share/wall_follower/hook/pythonpath.dsv'
[0.859s] INFO:colcon.colcon_core.shell:Creating environment hook '/mnt/f1tenth_ws/install/wall_follower/share/wall_follower/hook/pythonpath.sh'
[0.860s] Level 1:colcon.colcon_core.environment:checking '/mnt/f1tenth_ws/install/wall_follower/bin'
[0.860s] Level 1:colcon.colcon_core.environment:create_environment_scripts_only(wall_follower)
[0.861s] INFO:colcon.colcon_core.shell:Creating package script '/mnt/f1tenth_ws/install/wall_follower/share/wall_follower/package.ps1'
[0.862s] INFO:colcon.colcon_core.shell:Creating package descriptor '/mnt/f1tenth_ws/install/wall_follower/share/wall_follower/package.dsv'
[0.862s] INFO:colcon.colcon_core.shell:Creating package script '/mnt/f1tenth_ws/install/wall_follower/share/wall_follower/package.sh'
[0.863s] INFO:colcon.colcon_core.shell:Creating package script '/mnt/f1tenth_ws/install/wall_follower/share/wall_follower/package.bash'
[0.864s] INFO:colcon.colcon_core.shell:Creating package script '/mnt/f1tenth_ws/install/wall_follower/share/wall_follower/package.zsh'
[0.865s] Level 1:colcon.colcon_core.environment:create_file_with_runtime_dependencies(/mnt/f1tenth_ws/install/wall_follower/share/colcon-core/packages/wall_follower)
[0.867s] Level 1:colcon.colcon_core.environment:checking '/mnt/f1tenth_ws/install/automatic_emergency_braking' for CMake module files
[0.868s] DEBUG:colcon.colcon_core.event_handler.log_command:Invoked command in '/mnt/f1tenth_ws/src/automatic_emergency_braking' returned '0': PYTHONPATH=/mnt/f1tenth_ws/build/automatic_emergency_braking/prefix_override:/mnt/f1tenth_ws/install/automatic_emergency_braking/lib/python3.8/site-packages:${PYTHONPATH} /usr/bin/python3 setup.py egg_info --egg-base ../../build/automatic_emergency_braking build --build-base /mnt/f1tenth_ws/build/automatic_emergency_braking/build install --record /mnt/f1tenth_ws/build/automatic_emergency_braking/install.log --install-scripts $base/lib/automatic_emergency_braking --single-version-externally-managed
[0.869s] Level 1:colcon.colcon_core.environment:checking '/mnt/f1tenth_ws/install/automatic_emergency_braking' for CMake config files
[0.871s] Level 1:colcon.colcon_core.environment:checking '/mnt/f1tenth_ws/install/automatic_emergency_braking/lib'
[0.872s] Level 1:colcon.colcon_core.environment:checking '/mnt/f1tenth_ws/install/automatic_emergency_braking/bin'
[0.872s] Level 1:colcon.colcon_core.environment:checking '/mnt/f1tenth_ws/install/automatic_emergency_braking/lib/pkgconfig/automatic_emergency_braking.pc'
[0.872s] Level 1:colcon.colcon_core.environment:checking '/mnt/f1tenth_ws/install/automatic_emergency_braking/lib/python3.8/site-packages'
[0.872s] Level 1:colcon.colcon_core.shell:create_environment_hook('automatic_emergency_braking', 'pythonpath')
[0.873s] INFO:colcon.colcon_core.shell:Creating environment hook '/mnt/f1tenth_ws/install/automatic_emergency_braking/share/automatic_emergency_braking/hook/pythonpath.ps1'
[0.873s] INFO:colcon.colcon_core.shell:Creating environment descriptor '/mnt/f1tenth_ws/install/automatic_emergency_braking/share/automatic_emergency_braking/hook/pythonpath.dsv'
[0.874s] INFO:colcon.colcon_core.shell:Creating environment hook '/mnt/f1tenth_ws/install/automatic_emergency_braking/share/automatic_emergency_braking/hook/pythonpath.sh'
[0.875s] Level 1:colcon.colcon_core.environment:checking '/mnt/f1tenth_ws/install/automatic_emergency_braking/bin'
[0.875s] Level 1:colcon.colcon_core.environment:create_environment_scripts_only(automatic_emergency_braking)
[0.876s] INFO:colcon.colcon_core.shell:Creating package script '/mnt/f1tenth_ws/install/automatic_emergency_braking/share/automatic_emergency_braking/package.ps1'
[0.876s] INFO:colcon.colcon_core.shell:Creating package descriptor '/mnt/f1tenth_ws/install/automatic_emergency_braking/share/automatic_emergency_braking/package.dsv'
[0.877s] INFO:colcon.colcon_core.shell:Creating package script '/mnt/f1tenth_ws/install/automatic_emergency_braking/share/automatic_emergency_braking/package.sh'
[0.878s] INFO:colcon.colcon_core.shell:Creating package script '/mnt/f1tenth_ws/install/automatic_emergency_braking/share/automatic_emergency_braking/package.bash'
[0.878s] INFO:colcon.colcon_core.shell:Creating package script '/mnt/f1tenth_ws/install/automatic_emergency_braking/share/automatic_emergency_braking/package.zsh'
[0.879s] Level 1:colcon.colcon_core.environment:create_file_with_runtime_dependencies(/mnt/f1tenth_ws/install/automatic_emergency_braking/share/colcon-core/packages/automatic_emergency_braking)
[0.880s] Level 1:colcon.colcon_core.environment:checking '/mnt/f1tenth_ws/install/gap_finding' for CMake module files
[0.882s] Level 1:colcon.colcon_core.environment:checking '/mnt/f1tenth_ws/install/gap_finding' for CMake config files
[0.882s] DEBUG:colcon.colcon_core.event_handler.log_command:Invoked command in '/mnt/f1tenth_ws/src/gap_finding' returned '0': PYTHONPATH=/mnt/f1tenth_ws/build/gap_finding/prefix_override:/mnt/f1tenth_ws/install/gap_finding/lib/python3.8/site-packages:${PYTHONPATH} /usr/bin/python3 setup.py egg_info --egg-base ../../build/gap_finding build --build-base /mnt/f1tenth_ws/build/gap_finding/build install --record /mnt/f1tenth_ws/build/gap_finding/install.log --install-scripts $base/lib/gap_finding --single-version-externally-managed
[0.885s] Level 1:colcon.colcon_core.environment:checking '/mnt/f1tenth_ws/install/gap_finding/lib'
[0.885s] Level 1:colcon.colcon_core.environment:checking '/mnt/f1tenth_ws/install/gap_finding/bin'
[0.885s] Level 1:colcon.colcon_core.environment:checking '/mnt/f1tenth_ws/install/gap_finding/lib/pkgconfig/gap_finding.pc'
[0.885s] Level 1:colcon.colcon_core.environment:checking '/mnt/f1tenth_ws/install/gap_finding/lib/python3.8/site-packages'
[0.885s] Level 1:colcon.colcon_core.shell:create_environment_hook('gap_finding', 'pythonpath')
[0.886s] INFO:colcon.colcon_core.shell:Creating environment hook '/mnt/f1tenth_ws/install/gap_finding/share/gap_finding/hook/pythonpath.ps1'
[0.887s] INFO:colcon.colcon_core.shell:Creating environment descriptor '/mnt/f1tenth_ws/install/gap_finding/share/gap_finding/hook/pythonpath.dsv'
[0.888s] INFO:colcon.colcon_core.shell:Creating environment hook '/mnt/f1tenth_ws/install/gap_finding/share/gap_finding/hook/pythonpath.sh'
[0.889s] Level 1:colcon.colcon_core.environment:checking '/mnt/f1tenth_ws/install/gap_finding/bin'
[0.889s] Level 1:colcon.colcon_core.environment:create_environment_scripts_only(gap_finding)
[0.890s] INFO:colcon.colcon_core.shell:Creating package script '/mnt/f1tenth_ws/install/gap_finding/share/gap_finding/package.ps1'
[0.891s] INFO:colcon.colcon_core.shell:Creating package descriptor '/mnt/f1tenth_ws/install/gap_finding/share/gap_finding/package.dsv'
[0.891s] INFO:colcon.colcon_core.shell:Creating package script '/mnt/f1tenth_ws/install/gap_finding/share/gap_finding/package.sh'
[0.892s] INFO:colcon.colcon_core.shell:Creating package script '/mnt/f1tenth_ws/install/gap_finding/share/gap_finding/package.bash'
[0.893s] INFO:colcon.colcon_core.shell:Creating package script '/mnt/f1tenth_ws/install/gap_finding/share/gap_finding/package.zsh'
[0.893s] Level 1:colcon.colcon_core.environment:create_file_with_runtime_dependencies(/mnt/f1tenth_ws/install/gap_finding/share/colcon-core/packages/gap_finding)
[0.894s] DEBUG:colcon.colcon_parallel_executor.executor.parallel:closing loop
[0.894s] DEBUG:colcon.colcon_parallel_executor.executor.parallel:loop closed
[0.895s] DEBUG:colcon.colcon_parallel_executor.executor.parallel:run_until_complete finished with '0'
[0.895s] DEBUG:colcon.colcon_core.event_reactor:joining thread
[0.899s] INFO:colcon.colcon_core.plugin_system:Skipping extension 'colcon_notification.desktop_notification.notify_send': Could not find 'notify-send'
[0.899s] INFO:colcon.colcon_core.plugin_system:Skipping extension 'colcon_notification.desktop_notification.terminal_notifier': Not used on non-Darwin systems
[0.899s] INFO:colcon.colcon_core.plugin_system:Skipping extension 'colcon_notification.desktop_notification.win32': Not used on non-Windows systems
[0.899s] INFO:colcon.colcon_notification.desktop_notification:Sending desktop notification using 'notify2'
[0.899s] DEBUG:colcon.colcon_notification.desktop_notification.notify2:Failed to initialize notify2: org.freedesktop.DBus.Error.NotSupported: Unable to autolaunch a dbus-daemon without a $DISPLAY for X11
[0.899s] DEBUG:colcon.colcon_core.event_reactor:joined thread
[0.900s] INFO:colcon.colcon_core.shell:Creating prefix script '/mnt/f1tenth_ws/install/local_setup.ps1'
[0.901s] INFO:colcon.colcon_core.shell:Creating prefix util module '/mnt/f1tenth_ws/install/_local_setup_util_ps1.py'
[0.902s] INFO:colcon.colcon_core.shell:Creating prefix chain script '/mnt/f1tenth_ws/install/setup.ps1'
[0.903s] INFO:colcon.colcon_core.shell:Creating prefix script '/mnt/f1tenth_ws/install/local_setup.sh'
[0.904s] INFO:colcon.colcon_core.shell:Creating prefix util module '/mnt/f1tenth_ws/install/_local_setup_util_sh.py'
[0.905s] INFO:colcon.colcon_core.shell:Creating prefix chain script '/mnt/f1tenth_ws/install/setup.sh'
[0.906s] INFO:colcon.colcon_core.shell:Creating prefix script '/mnt/f1tenth_ws/install/local_setup.bash'
[0.907s] INFO:colcon.colcon_core.shell:Creating prefix chain script '/mnt/f1tenth_ws/install/setup.bash'
[0.908s] INFO:colcon.colcon_core.shell:Creating prefix script '/mnt/f1tenth_ws/install/local_setup.zsh'
[0.909s] INFO:colcon.colcon_core.shell:Creating prefix chain script '/mnt/f1tenth_ws/install/setup.zsh'
