[0.470s] Invoking command in '/mnt/f1tenth_ws/src/wall_follower': PYTHONPATH=/mnt/f1tenth_ws/build/wall_follower/prefix_override:/mnt/f1tenth_ws/install/wall_follower/lib/python3.8/site-packages:${PYTHONPATH} /usr/bin/python3 setup.py egg_info --egg-base ../../build/wall_follower build --build-base /mnt/f1tenth_ws/build/wall_follower/build install --record /mnt/f1tenth_ws/build/wall_follower/install.log --install-scripts $base/lib/wall_follower --single-version-externally-managed
[0.554s] running egg_info
[0.555s] writing ../../build/wall_follower/wall_follower.egg-info/PKG-INFO
[0.556s] writing dependency_links to ../../build/wall_follower/wall_follower.egg-info/dependency_links.txt
[0.557s] writing entry points to ../../build/wall_follower/wall_follower.egg-info/entry_points.txt
[0.557s] writing requirements to ../../build/wall_follower/wall_follower.egg-info/requires.txt
[0.558s] writing top-level names to ../../build/wall_follower/wall_follower.egg-info/top_level.txt
[0.578s] reading manifest file '../../build/wall_follower/wall_follower.egg-info/SOURCES.txt'
[0.581s] writing manifest file '../../build/wall_follower/wall_follower.egg-info/SOURCES.txt'
[0.585s] running build
[0.585s] running build_py
[0.589s] running install
[0.590s] running install_lib
[0.592s] running install_data
[0.594s] running install_egg_info
[0.597s] removing '/mnt/f1tenth_ws/install/wall_follower/lib/python3.8/site-packages/wall_follower-0.0.0-py3.8.egg-info' (and everything under it)
[0.598s] Copying ../../build/wall_follower/wall_follower.egg-info to /mnt/f1tenth_ws/install/wall_follower/lib/python3.8/site-packages/wall_follower-0.0.0-py3.8.egg-info
[0.603s] running install_scripts
[0.613s] writing list of installed files to '/mnt/f1tenth_ws/build/wall_follower/install.log'
[0.632s] Invoked command in '/mnt/f1tenth_ws/src/wall_follower' returned '0': PYTHONPATH=/mnt/f1tenth_ws/build/wall_follower/prefix_override:/mnt/f1tenth_ws/install/wall_follower/lib/python3.8/site-packages:${PYTHONPATH} /usr/bin/python3 setup.py egg_info --egg-base ../../build/wall_follower build --build-base /mnt/f1tenth_ws/build/wall_follower/build install --record /mnt/f1tenth_ws/build/wall_follower/install.log --install-scripts $base/lib/wall_follower --single-version-externally-managed
