[0.505s] Invoking command in '/mnt/f1tenth_ws/src/wall_follower': PYTHONPATH=/mnt/f1tenth_ws/build/wall_follower/prefix_override:/mnt/f1tenth_ws/install/wall_follower/lib/python3.8/site-packages:${PYTHONPATH} /usr/bin/python3 setup.py egg_info --egg-base ../../build/wall_follower build --build-base /mnt/f1tenth_ws/build/wall_follower/build install --record /mnt/f1tenth_ws/build/wall_follower/install.log --install-scripts $base/lib/wall_follower --single-version-externally-managed
[0.591s] running egg_info
[0.592s] creating ../../build/wall_follower/wall_follower.egg-info
[0.593s] writing ../../build/wall_follower/wall_follower.egg-info/PKG-INFO
[0.594s] writing dependency_links to ../../build/wall_follower/wall_follower.egg-info/dependency_links.txt
[0.595s] writing entry points to ../../build/wall_follower/wall_follower.egg-info/entry_points.txt
[0.595s] writing requirements to ../../build/wall_follower/wall_follower.egg-info/requires.txt
[0.596s] writing top-level names to ../../build/wall_follower/wall_follower.egg-info/top_level.txt
[0.596s] writing manifest file '../../build/wall_follower/wall_follower.egg-info/SOURCES.txt'
[0.627s] reading manifest file '../../build/wall_follower/wall_follower.egg-info/SOURCES.txt'
[0.629s] writing manifest file '../../build/wall_follower/wall_follower.egg-info/SOURCES.txt'
[0.634s] running build
[0.634s] running build_py
[0.637s] creating /mnt/f1tenth_ws/build/wall_follower/build
[0.638s] creating /mnt/f1tenth_ws/build/wall_follower/build/lib
[0.640s] creating /mnt/f1tenth_ws/build/wall_follower/build/lib/wall_follower
[0.642s] copying wall_follower/__init__.py -> /mnt/f1tenth_ws/build/wall_follower/build/lib/wall_follower
[0.644s] running install
[0.644s] running install_lib
[0.646s] creating /mnt/f1tenth_ws/install/wall_follower/lib/python3.8/site-packages/wall_follower
[0.646s] copying /mnt/f1tenth_ws/build/wall_follower/build/lib/wall_follower/__init__.py -> /mnt/f1tenth_ws/install/wall_follower/lib/python3.8/site-packages/wall_follower
[0.647s] byte-compiling /mnt/f1tenth_ws/install/wall_follower/lib/python3.8/site-packages/wall_follower/__init__.py to __init__.cpython-38.pyc
[0.647s] running install_data
[0.647s] creating /mnt/f1tenth_ws/install/wall_follower/share/ament_index
[0.648s] creating /mnt/f1tenth_ws/install/wall_follower/share/ament_index/resource_index
[0.648s] creating /mnt/f1tenth_ws/install/wall_follower/share/ament_index/resource_index/packages
[0.649s] copying resource/wall_follower -> /mnt/f1tenth_ws/install/wall_follower/share/ament_index/resource_index/packages
[0.649s] copying package.xml -> /mnt/f1tenth_ws/install/wall_follower/share/wall_follower
[0.650s] running install_egg_info
[0.652s] Copying ../../build/wall_follower/wall_follower.egg-info to /mnt/f1tenth_ws/install/wall_follower/lib/python3.8/site-packages/wall_follower-0.0.0-py3.8.egg-info
[0.653s] running install_scripts
[0.667s] writing list of installed files to '/mnt/f1tenth_ws/build/wall_follower/install.log'
[0.711s] Invoked command in '/mnt/f1tenth_ws/src/wall_follower' returned '0': PYTHONPATH=/mnt/f1tenth_ws/build/wall_follower/prefix_override:/mnt/f1tenth_ws/install/wall_follower/lib/python3.8/site-packages:${PYTHONPATH} /usr/bin/python3 setup.py egg_info --egg-base ../../build/wall_follower build --build-base /mnt/f1tenth_ws/build/wall_follower/build install --record /mnt/f1tenth_ws/build/wall_follower/install.log --install-scripts $base/lib/wall_follower --single-version-externally-managed
