running egg_info
writing ../../build/automatic_emergency_braking/automatic_emergency_braking.egg-info/PKG-INFO
writing dependency_links to ../../build/automatic_emergency_braking/automatic_emergency_braking.egg-info/dependency_links.txt
writing entry points to ../../build/automatic_emergency_braking/automatic_emergency_braking.egg-info/entry_points.txt
writing requirements to ../../build/automatic_emergency_braking/automatic_emergency_braking.egg-info/requires.txt
writing top-level names to ../../build/automatic_emergency_braking/automatic_emergency_braking.egg-info/top_level.txt
reading manifest file '../../build/automatic_emergency_braking/automatic_emergency_braking.egg-info/SOURCES.txt'
writing manifest file '../../build/automatic_emergency_braking/automatic_emergency_braking.egg-info/SOURCES.txt'
running build
running build_py
copying automatic_emergency_braking/automatic_emergency_braking.py -> /mnt/f1tenth_ws/build/automatic_emergency_braking/build/lib/automatic_emergency_braking
running install
running install_lib
copying /mnt/f1tenth_ws/build/automatic_emergency_braking/build/lib/automatic_emergency_braking/automatic_emergency_braking.py -> /mnt/f1tenth_ws/install/automatic_emergency_braking/lib/python3.8/site-packages/automatic_emergency_braking
byte-compiling /mnt/f1tenth_ws/install/automatic_emergency_braking/lib/python3.8/site-packages/automatic_emergency_braking/automatic_emergency_braking.py to automatic_emergency_braking.cpython-38.pyc
running install_data
running install_egg_info
removing '/mnt/f1tenth_ws/install/automatic_emergency_braking/lib/python3.8/site-packages/automatic_emergency_braking-0.0.0-py3.8.egg-info' (and everything under it)
Copying ../../build/automatic_emergency_braking/automatic_emergency_braking.egg-info to /mnt/f1tenth_ws/install/automatic_emergency_braking/lib/python3.8/site-packages/automatic_emergency_braking-0.0.0-py3.8.egg-info
running install_scripts
writing list of installed files to '/mnt/f1tenth_ws/build/automatic_emergency_braking/install.log'
