running egg_info
creating ../../build/gap_finder/gap_finder.egg-info
writing ../../build/gap_finder/gap_finder.egg-info/PKG-INFO
writing dependency_links to ../../build/gap_finder/gap_finder.egg-info/dependency_links.txt
writing entry points to ../../build/gap_finder/gap_finder.egg-info/entry_points.txt
writing requirements to ../../build/gap_finder/gap_finder.egg-info/requires.txt
writing top-level names to ../../build/gap_finder/gap_finder.egg-info/top_level.txt
writing manifest file '../../build/gap_finder/gap_finder.egg-info/SOURCES.txt'
reading manifest file '../../build/gap_finder/gap_finder.egg-info/SOURCES.txt'
writing manifest file '../../build/gap_finder/gap_finder.egg-info/SOURCES.txt'
running build
running build_py
creating /mnt/f1tenth_ws/build/gap_finder/build
creating /mnt/f1tenth_ws/build/gap_finder/build/lib
creating /mnt/f1tenth_ws/build/gap_finder/build/lib/gap_finder
copying gap_finder/__init__.py -> /mnt/f1tenth_ws/build/gap_finder/build/lib/gap_finder
running install
running install_lib
creating /mnt/f1tenth_ws/install/gap_finder/lib/python3.8/site-packages/gap_finder
copying /mnt/f1tenth_ws/build/gap_finder/build/lib/gap_finder/__init__.py -> /mnt/f1tenth_ws/install/gap_finder/lib/python3.8/site-packages/gap_finder
byte-compiling /mnt/f1tenth_ws/install/gap_finder/lib/python3.8/site-packages/gap_finder/__init__.py to __init__.cpython-38.pyc
running install_data
creating /mnt/f1tenth_ws/install/gap_finder/share/ament_index
creating /mnt/f1tenth_ws/install/gap_finder/share/ament_index/resource_index
creating /mnt/f1tenth_ws/install/gap_finder/share/ament_index/resource_index/packages
copying resource/gap_finder -> /mnt/f1tenth_ws/install/gap_finder/share/ament_index/resource_index/packages
copying package.xml -> /mnt/f1tenth_ws/install/gap_finder/share/gap_finder
running install_egg_info
Copying ../../build/gap_finder/gap_finder.egg-info to /mnt/f1tenth_ws/install/gap_finder/lib/python3.8/site-packages/gap_finder-0.0.0-py3.8.egg-info
running install_scripts
writing list of installed files to '/mnt/f1tenth_ws/build/gap_finder/install.log'
